<?xml version="1.0" encoding="UTF-8"?>
<!-- Generated by org.testng.reporters.JUnitReportReporter -->
<testsuite skipped="0" hostname="DesaiGroup" name="com.Assignment1.FacebookLogin" tests="1" failures="0" timestamp="26 Aug 2019 11:14:42 GMT" time="52.482" errors="0">
  <testcase name="facebooklogin" time="52.482" classname="com.Assignment1.FacebookLogin"/>
</testsuite> <!-- com.Assignment1.FacebookLogin -->
