<?xml version="1.0" encoding="UTF-8"?>
<!-- Generated by org.testng.reporters.JUnitReportReporter -->
<testsuite skipped="0" hostname="DesaiGroup" name="com.Assignment1.WallethubLoginPage" tests="1" failures="0" timestamp="26 Aug 2019 18:08:04 GMT" time="72.262" errors="0">
  <testcase name="Loginwallethub" time="72.262" classname="com.Assignment1.WallethubLoginPage"/>
</testsuite> <!-- com.Assignment1.WallethubLoginPage -->
